<?xml version="1.0" encoding="UTF-8"?>
<testng-results ignored="0" total="19" passed="15" failed="4" skipped="0">
  <reporter-output>
    <line>
      <![CDATA[Test started]]>
    </line>
    <line>
      <![CDATA[Sign in Page is Dispalyed,PASS]]>
    </line>
    <line>
      <![CDATA[verifyInvoicesTab method STARTED]]>
    </line>
    <line>
      <![CDATA[Home Page is Dispalyed,PASS]]>
    </line>
    <line>
      <![CDATA[verifyInvoicesTab method FAILED]]>
    </line>
    <line>
      <![CDATA[Sign in Page is Dispalyed,PASS]]>
    </line>
    <line>
      <![CDATA[verifyPriceBooksTab method STARTED]]>
    </line>
    <line>
      <![CDATA[Home Page is Dispalyed,PASS]]>
    </line>
    <line>
      <![CDATA[Price Books: All Price Books ]]>
    </line>
    <line>
      <![CDATA[PriceBook Text is Displayed]]>
    </line>
    <line>
      <![CDATA[verifyPriceBooksTab method PASSED]]>
    </line>
    <line>
      <![CDATA[Sign in Page is Dispalyed,PASS]]>
    </line>
    <line>
      <![CDATA[VerifyLeadsModule method STARTED]]>
    </line>
    <line>
      <![CDATA[Home Page is Dispalyed,PASS]]>
    </line>
    <line>
      <![CDATA[Leads: All Open Leads ]]>
    </line>
    <line>
      <![CDATA[VerifyLeadsModule method PASSED]]>
    </line>
    <line>
      <![CDATA[Sign in Page is Dispalyed,PASS]]>
    </line>
    <line>
      <![CDATA[verifyPurchaseOdersTab method STARTED]]>
    </line>
    <line>
      <![CDATA[Home Page is Dispalyed,PASS]]>
    </line>
    <line>
      <![CDATA[verifyPurchaseOdersTab method FAILED]]>
    </line>
    <line>
      <![CDATA[Sign in Page is Dispalyed,PASS]]>
    </line>
    <line>
      <![CDATA[verifySalesOrdersTab method STARTED]]>
    </line>
    <line>
      <![CDATA[Home Page is Dispalyed,PASS]]>
    </line>
    <line>
      <![CDATA[verifySalesOrdersTab method FAILED]]>
    </line>
    <line>
      <![CDATA[Sign in Page is Dispalyed,PASS]]>
    </line>
    <line>
      <![CDATA[verifyQuotesTab method STARTED]]>
    </line>
    <line>
      <![CDATA[Home Page is Dispalyed,PASS]]>
    </line>
    <line>
      <![CDATA[verifyQuotesTab method FAILED]]>
    </line>
    <line>
      <![CDATA[Sign in Page is Dispalyed,PASS]]>
    </line>
    <line>
      <![CDATA[verifySolutionsTab method STARTED]]>
    </line>
    <line>
      <![CDATA[Home Page is Dispalyed,PASS]]>
    </line>
    <line>
      <![CDATA[Solutions: All Solutions ]]>
    </line>
    <line>
      <![CDATA[Solutions Text is Displayed]]>
    </line>
    <line>
      <![CDATA[verifySolutionsTab method PASSED]]>
    </line>
    <line>
      <![CDATA[Sign in Page is Dispalyed,PASS]]>
    </line>
    <line>
      <![CDATA[verifyProductsTab method STARTED]]>
    </line>
    <line>
      <![CDATA[Home Page is Dispalyed,PASS]]>
    </line>
    <line>
      <![CDATA[Products: All Products ]]>
    </line>
    <line>
      <![CDATA[Products Text is Displayed]]>
    </line>
    <line>
      <![CDATA[verifyProductsTab method PASSED]]>
    </line>
    <line>
      <![CDATA[Sign in Page is Dispalyed,PASS]]>
    </line>
    <line>
      <![CDATA[verifyCasesTab method STARTED]]>
    </line>
    <line>
      <![CDATA[Home Page is Dispalyed,PASS]]>
    </line>
    <line>
      <![CDATA[Cases: All Cases ]]>
    </line>
    <line>
      <![CDATA[Cases Text is Displayed]]>
    </line>
    <line>
      <![CDATA[verifyCasesTab method PASSED]]>
    </line>
    <line>
      <![CDATA[Sign in Page is Dispalyed,PASS]]>
    </line>
    <line>
      <![CDATA[VerifyAccountsModule method STARTED]]>
    </line>
    <line>
      <![CDATA[Home Page is Dispalyed,PASS]]>
    </line>
    <line>
      <![CDATA[Accounts: All Accounts ]]>
    </line>
    <line>
      <![CDATA[Accounts Text is Displayed]]>
    </line>
    <line>
      <![CDATA[VerifyAccountsModule method PASSED]]>
    </line>
    <line>
      <![CDATA[Sign in Page is Dispalyed,PASS]]>
    </line>
    <line>
      <![CDATA[verifyDashboardsTab method STARTED]]>
    </line>
    <line>
      <![CDATA[Home Page is Dispalyed,PASS]]>
    </line>
    <line>
      <![CDATA[Dashboards]]>
    </line>
    <line>
      <![CDATA[Dashboards Text is Displayed]]>
    </line>
    <line>
      <![CDATA[verifyDashboardsTab method PASSED]]>
    </line>
    <line>
      <![CDATA[Sign in Page is Dispalyed,PASS]]>
    </line>
    <line>
      <![CDATA[verifyValidSignIn method STARTED]]>
    </line>
    <line>
      <![CDATA[Home Page is Dispalyed,PASS]]>
    </line>
    <line>
      <![CDATA[verifyValidSignIn method PASSED]]>
    </line>
    <line>
      <![CDATA[Sign in Page is Dispalyed,PASS]]>
    </line>
    <line>
      <![CDATA[verifyContactsModule method STARTED]]>
    </line>
    <line>
      <![CDATA[Home Page is Dispalyed,PASS]]>
    </line>
    <line>
      <![CDATA[Contacts: All Contacts ]]>
    </line>
    <line>
      <![CDATA[Contact Text is Displayed]]>
    </line>
    <line>
      <![CDATA[verifyContactsModule method PASSED]]>
    </line>
    <line>
      <![CDATA[Sign in Page is Dispalyed,PASS]]>
    </line>
    <line>
      <![CDATA[verifyActivitiesTab method STARTED]]>
    </line>
    <line>
      <![CDATA[Home Page is Dispalyed,PASS]]>
    </line>
    <line>
      <![CDATA[Activities: All Activities ]]>
    </line>
    <line>
      <![CDATA[Activities Text is Displayed]]>
    </line>
    <line>
      <![CDATA[verifyActivitiesTab method PASSED]]>
    </line>
    <line>
      <![CDATA[Sign in Page is Dispalyed,PASS]]>
    </line>
    <line>
      <![CDATA[verifyReportsTab method STARTED]]>
    </line>
    <line>
      <![CDATA[Home Page is Dispalyed,PASS]]>
    </line>
    <line>
      <![CDATA[Reports]]>
    </line>
    <line>
      <![CDATA[Reports Text is Displayed]]>
    </line>
    <line>
      <![CDATA[verifyReportsTab method PASSED]]>
    </line>
    <line>
      <![CDATA[Sign in Page is Dispalyed,PASS]]>
    </line>
    <line>
      <![CDATA[verifyPotentialsTab method STARTED]]>
    </line>
    <line>
      <![CDATA[Home Page is Dispalyed,PASS]]>
    </line>
    <line>
      <![CDATA[Campaigns: All Campaigns ]]>
    </line>
    <line>
      <![CDATA[Campaigns Text is Displayed]]>
    </line>
    <line>
      <![CDATA[verifyPotentialsTab method PASSED]]>
    </line>
    <line>
      <![CDATA[Sign in Page is Dispalyed,PASS]]>
    </line>
    <line>
      <![CDATA[verifyVendorsTab method STARTED]]>
    </line>
    <line>
      <![CDATA[Home Page is Dispalyed,PASS]]>
    </line>
    <line>
      <![CDATA[Vendors: All Vendors ]]>
    </line>
    <line>
      <![CDATA[Vendors Text is Displayed]]>
    </line>
    <line>
      <![CDATA[verifyVendorsTab method PASSED]]>
    </line>
    <line>
      <![CDATA[Sign in Page is Dispalyed,PASS]]>
    </line>
    <line>
      <![CDATA[verifyPotentialsTab method STARTED]]>
    </line>
    <line>
      <![CDATA[Home Page is Dispalyed,PASS]]>
    </line>
    <line>
      <![CDATA[Potentials: All Potentials ]]>
    </line>
    <line>
      <![CDATA[Potentials Text is Displayed]]>
    </line>
    <line>
      <![CDATA[verifyPotentialsTab method PASSED]]>
    </line>
    <line>
      <![CDATA[Sign in Page is Dispalyed,PASS]]>
    </line>
    <line>
      <![CDATA[verifyForecastsTab method STARTED]]>
    </line>
    <line>
      <![CDATA[Home Page is Dispalyed,PASS]]>
    </line>
    <line>
      <![CDATA[Forecasts: All Forecasts ]]>
    </line>
    <line>
      <![CDATA[Forecasts Text is Displayed]]>
    </line>
    <line>
      <![CDATA[verifyForecastsTab method PASSED]]>
    </line>
  </reporter-output>
  <suite started-at="2022-05-23T16:42:01 IST" name="Suite" finished-at="2022-05-23T16:43:40 IST" duration-ms="98776">
    <groups>
    </groups>
    <test started-at="2022-05-23T16:42:01 IST" name="Test" finished-at="2022-05-23T16:43:40 IST" duration-ms="98776">
      <class name="com.SinnVoll.Activities.VerifyActivitiesTabTest">
        <test-method is-config="true" signature="openBrowser()[pri:0, instance:com.SinnVoll.Activities.VerifyActivitiesTabTest@5acf93bb]" started-at="2022-05-23T16:43:18 IST" name="openBrowser" finished-at="2022-05-23T16:43:20 IST" duration-ms="1748" status="PASS">
          <reporter-output>
            <line>
              <![CDATA[Sign in Page is Dispalyed,PASS]]>
            </line>
          </reporter-output>
        </test-method> <!-- openBrowser -->
        <test-method signature="verifyActivitiesTab()[pri:0, instance:com.SinnVoll.Activities.VerifyActivitiesTabTest@5acf93bb]" started-at="2022-05-23T16:43:20 IST" name="verifyActivitiesTab" finished-at="2022-05-23T16:43:21 IST" duration-ms="1508" status="PASS">
          <reporter-output>
            <line>
              <![CDATA[verifyActivitiesTab method STARTED]]>
            </line>
            <line>
              <![CDATA[Home Page is Dispalyed,PASS]]>
            </line>
            <line>
              <![CDATA[Activities: All Activities ]]>
            </line>
            <line>
              <![CDATA[Activities Text is Displayed]]>
            </line>
            <line>
              <![CDATA[verifyActivitiesTab method PASSED]]>
            </line>
          </reporter-output>
        </test-method> <!-- verifyActivitiesTab -->
      </class> <!-- com.SinnVoll.Activities.VerifyActivitiesTabTest -->
      <class name="com.SinVoll.Contacts.VerifyContactsTab">
        <test-method is-config="true" signature="openBrowser()[pri:0, instance:com.SinVoll.Contacts.VerifyContactsTab@1a18644]" started-at="2022-05-23T16:43:15 IST" name="openBrowser" finished-at="2022-05-23T16:43:16 IST" duration-ms="1699" status="PASS">
          <reporter-output>
            <line>
              <![CDATA[Sign in Page is Dispalyed,PASS]]>
            </line>
          </reporter-output>
        </test-method> <!-- openBrowser -->
        <test-method signature="verifyContactsModule()[pri:0, instance:com.SinVoll.Contacts.VerifyContactsTab@1a18644]" started-at="2022-05-23T16:43:16 IST" name="verifyContactsModule" finished-at="2022-05-23T16:43:18 IST" duration-ms="1663" status="PASS">
          <reporter-output>
            <line>
              <![CDATA[verifyContactsModule method STARTED]]>
            </line>
            <line>
              <![CDATA[Home Page is Dispalyed,PASS]]>
            </line>
            <line>
              <![CDATA[Contacts: All Contacts ]]>
            </line>
            <line>
              <![CDATA[Contact Text is Displayed]]>
            </line>
            <line>
              <![CDATA[verifyContactsModule method PASSED]]>
            </line>
          </reporter-output>
        </test-method> <!-- verifyContactsModule -->
      </class> <!-- com.SinVoll.Contacts.VerifyContactsTab -->
      <class name="com.SinnVoll.Campaigns.VerifyCampaignsTabTest">
        <test-method is-config="true" signature="openBrowser()[pri:0, instance:com.SinnVoll.Campaigns.VerifyCampaignsTabTest@6cd28fa7]" started-at="2022-05-23T16:43:24 IST" name="openBrowser" finished-at="2022-05-23T16:43:26 IST" duration-ms="2033" status="PASS">
          <reporter-output>
            <line>
              <![CDATA[Sign in Page is Dispalyed,PASS]]>
            </line>
          </reporter-output>
        </test-method> <!-- openBrowser -->
        <test-method signature="verifyPotentialsTab()[pri:0, instance:com.SinnVoll.Campaigns.VerifyCampaignsTabTest@6cd28fa7]" started-at="2022-05-23T16:43:26 IST" name="verifyPotentialsTab" finished-at="2022-05-23T16:43:28 IST" duration-ms="1832" status="PASS">
          <reporter-output>
            <line>
              <![CDATA[verifyPotentialsTab method STARTED]]>
            </line>
            <line>
              <![CDATA[Home Page is Dispalyed,PASS]]>
            </line>
            <line>
              <![CDATA[Campaigns: All Campaigns ]]>
            </line>
            <line>
              <![CDATA[Campaigns Text is Displayed]]>
            </line>
            <line>
              <![CDATA[verifyPotentialsTab method PASSED]]>
            </line>
          </reporter-output>
        </test-method> <!-- verifyPotentialsTab -->
      </class> <!-- com.SinnVoll.Campaigns.VerifyCampaignsTabTest -->
      <class name="com.SinVoll.Cases.VerifyCasesTabTest">
        <test-method is-config="true" signature="openBrowser()[pri:0, instance:com.SinVoll.Cases.VerifyCasesTabTest@1da2cb77]" started-at="2022-05-23T16:43:01 IST" name="openBrowser" finished-at="2022-05-23T16:43:04 IST" duration-ms="2859" status="PASS">
          <reporter-output>
            <line>
              <![CDATA[Sign in Page is Dispalyed,PASS]]>
            </line>
          </reporter-output>
        </test-method> <!-- openBrowser -->
        <test-method signature="verifyCasesTab()[pri:0, instance:com.SinVoll.Cases.VerifyCasesTabTest@1da2cb77]" started-at="2022-05-23T16:43:04 IST" name="verifyCasesTab" finished-at="2022-05-23T16:43:06 IST" duration-ms="1882" status="PASS">
          <reporter-output>
            <line>
              <![CDATA[verifyCasesTab method STARTED]]>
            </line>
            <line>
              <![CDATA[Home Page is Dispalyed,PASS]]>
            </line>
            <line>
              <![CDATA[Cases: All Cases ]]>
            </line>
            <line>
              <![CDATA[Cases Text is Displayed]]>
            </line>
            <line>
              <![CDATA[verifyCasesTab method PASSED]]>
            </line>
          </reporter-output>
        </test-method> <!-- verifyCasesTab -->
      </class> <!-- com.SinVoll.Cases.VerifyCasesTabTest -->
      <class name="com.SinnVoll.Accounts.VerifyAccountsTabTest">
        <test-method is-config="true" signature="openBrowser()[pri:0, instance:com.SinnVoll.Accounts.VerifyAccountsTabTest@48f278eb]" started-at="2022-05-23T16:43:06 IST" name="openBrowser" finished-at="2022-05-23T16:43:08 IST" duration-ms="1820" status="PASS">
          <reporter-output>
            <line>
              <![CDATA[Sign in Page is Dispalyed,PASS]]>
            </line>
          </reporter-output>
        </test-method> <!-- openBrowser -->
        <test-method signature="VerifyAccountsModule()[pri:0, instance:com.SinnVoll.Accounts.VerifyAccountsTabTest@48f278eb]" started-at="2022-05-23T16:43:08 IST" name="VerifyAccountsModule" finished-at="2022-05-23T16:43:09 IST" duration-ms="1500" status="PASS">
          <reporter-output>
            <line>
              <![CDATA[VerifyAccountsModule method STARTED]]>
            </line>
            <line>
              <![CDATA[Home Page is Dispalyed,PASS]]>
            </line>
            <line>
              <![CDATA[Accounts: All Accounts ]]>
            </line>
            <line>
              <![CDATA[Accounts Text is Displayed]]>
            </line>
            <line>
              <![CDATA[VerifyAccountsModule method PASSED]]>
            </line>
          </reporter-output>
        </test-method> <!-- VerifyAccountsModule -->
      </class> <!-- com.SinnVoll.Accounts.VerifyAccountsTabTest -->
      <class name="com.SinnVoll.Login.ValidSignInTest">
        <test-method is-config="true" signature="openBrowser()[pri:0, instance:com.SinnVoll.Login.ValidSignInTest@a530d0a]" started-at="2022-05-23T16:43:12 IST" name="openBrowser" finished-at="2022-05-23T16:43:14 IST" duration-ms="1646" status="PASS">
          <reporter-output>
            <line>
              <![CDATA[Sign in Page is Dispalyed,PASS]]>
            </line>
          </reporter-output>
        </test-method> <!-- openBrowser -->
        <test-method signature="verifyValidSignIn()[pri:0, instance:com.SinnVoll.Login.ValidSignInTest@a530d0a]" started-at="2022-05-23T16:43:14 IST" name="verifyValidSignIn" finished-at="2022-05-23T16:43:15 IST" duration-ms="671" status="PASS">
          <reporter-output>
            <line>
              <![CDATA[verifyValidSignIn method STARTED]]>
            </line>
            <line>
              <![CDATA[Home Page is Dispalyed,PASS]]>
            </line>
            <line>
              <![CDATA[verifyValidSignIn method PASSED]]>
            </line>
          </reporter-output>
        </test-method> <!-- verifyValidSignIn -->
      </class> <!-- com.SinnVoll.Login.ValidSignInTest -->
      <class name="com.SinnVoll.SalesOrders.VerifySalesOrdersTabTest">
        <test-method is-config="true" signature="openBrowser()[pri:0, instance:com.SinnVoll.SalesOrders.VerifySalesOrdersTabTest@47987356]" started-at="2022-05-23T16:42:32 IST" name="openBrowser" finished-at="2022-05-23T16:42:33 IST" duration-ms="1462" status="PASS">
          <reporter-output>
            <line>
              <![CDATA[Sign in Page is Dispalyed,PASS]]>
            </line>
          </reporter-output>
        </test-method> <!-- openBrowser -->
        <test-method signature="verifySalesOrdersTab()[pri:0, instance:com.SinnVoll.SalesOrders.VerifySalesOrdersTabTest@47987356]" started-at="2022-05-23T16:42:33 IST" name="verifySalesOrdersTab" finished-at="2022-05-23T16:42:44 IST" duration-ms="10588" status="FAIL">
          <exception class="org.openqa.selenium.ElementNotInteractableException">
            <message>
              <![CDATA[element not interactable
  (Session info: chrome=101.0.4951.67)
Build info: version: '4.1.2', revision: '9a5a329c5a'
System info: host: 'DESKTOP-VC14B0M', ip: '192.168.229.1', os.name: 'Windows 10', os.arch: 'amd64', os.version: '10.0', java.version: '15.0.2'
Driver info: org.openqa.selenium.chrome.ChromeDriver
Command: [fe1fb6dddab31ec6b91bf18a2315d8ac, clickElement {id=df8f9130-f26f-407f-987f-d25269f6c09a}]
Capabilities {acceptInsecureCerts: false, browserName: chrome, browserVersion: 101.0.4951.67, chrome: {chromedriverVersion: 101.0.4951.41 (93c720db8323..., userDataDir: C:\Users\admin\AppData\Loca...}, goog:chromeOptions: {debuggerAddress: localhost:50617}, javascriptEnabled: true, networkConnectionEnabled: false, pageLoadStrategy: normal, platform: WINDOWS, platformName: WINDOWS, proxy: Proxy(), se:cdp: ws://localhost:50617/devtoo..., se:cdpVersion: 101.0.4951.67, setWindowRect: true, strictFileInteractability: false, timeouts: {implicit: 0, pageLoad: 300000, script: 30000}, unhandledPromptBehavior: dismiss and notify, webauthn:extension:credBlob: true, webauthn:extension:largeBlob: true, webauthn:virtualAuthenticators: true}
Element: [[ChromeDriver: chrome on WINDOWS (fe1fb6dddab31ec6b91bf18a2315d8ac)] -> xpath: //a[text()='Sales Orders']]
Session ID: fe1fb6dddab31ec6b91bf18a2315d8ac]]>
            </message>
            <full-stacktrace>
              <![CDATA[org.openqa.selenium.ElementNotInteractableException: element not interactable
  (Session info: chrome=101.0.4951.67)
Build info: version: '4.1.2', revision: '9a5a329c5a'
System info: host: 'DESKTOP-VC14B0M', ip: '192.168.229.1', os.name: 'Windows 10', os.arch: 'amd64', os.version: '10.0', java.version: '15.0.2'
Driver info: org.openqa.selenium.chrome.ChromeDriver
Command: [fe1fb6dddab31ec6b91bf18a2315d8ac, clickElement {id=df8f9130-f26f-407f-987f-d25269f6c09a}]
Capabilities {acceptInsecureCerts: false, browserName: chrome, browserVersion: 101.0.4951.67, chrome: {chromedriverVersion: 101.0.4951.41 (93c720db8323..., userDataDir: C:\Users\admin\AppData\Loca...}, goog:chromeOptions: {debuggerAddress: localhost:50617}, javascriptEnabled: true, networkConnectionEnabled: false, pageLoadStrategy: normal, platform: WINDOWS, platformName: WINDOWS, proxy: Proxy(), se:cdp: ws://localhost:50617/devtoo..., se:cdpVersion: 101.0.4951.67, setWindowRect: true, strictFileInteractability: false, timeouts: {implicit: 0, pageLoad: 300000, script: 30000}, unhandledPromptBehavior: dismiss and notify, webauthn:extension:credBlob: true, webauthn:extension:largeBlob: true, webauthn:virtualAuthenticators: true}
Element: [[ChromeDriver: chrome on WINDOWS (fe1fb6dddab31ec6b91bf18a2315d8ac)] -> xpath: //a[text()='Sales Orders']]
Session ID: fe1fb6dddab31ec6b91bf18a2315d8ac
at java.base/jdk.internal.reflect.NativeConstructorAccessorImpl.newInstance0(Native Method)
at java.base/jdk.internal.reflect.NativeConstructorAccessorImpl.newInstance(NativeConstructorAccessorImpl.java:64)
at java.base/jdk.internal.reflect.DelegatingConstructorAccessorImpl.newInstance(DelegatingConstructorAccessorImpl.java:45)
at java.base/java.lang.reflect.Constructor.newInstanceWithCaller(Constructor.java:500)
at java.base/java.lang.reflect.Constructor.newInstance(Constructor.java:481)
at org.openqa.selenium.remote.codec.w3c.W3CHttpResponseCodec.createException(W3CHttpResponseCodec.java:200)
at org.openqa.selenium.remote.codec.w3c.W3CHttpResponseCodec.decode(W3CHttpResponseCodec.java:133)
at org.openqa.selenium.remote.codec.w3c.W3CHttpResponseCodec.decode(W3CHttpResponseCodec.java:53)
at org.openqa.selenium.remote.HttpCommandExecutor.execute(HttpCommandExecutor.java:184)
at org.openqa.selenium.remote.service.DriverCommandExecutor.invokeExecute(DriverCommandExecutor.java:167)
at org.openqa.selenium.remote.service.DriverCommandExecutor.execute(DriverCommandExecutor.java:142)
at org.openqa.selenium.remote.RemoteWebDriver.execute(RemoteWebDriver.java:558)
at org.openqa.selenium.remote.RemoteWebElement.execute(RemoteWebElement.java:251)
at org.openqa.selenium.remote.RemoteWebElement.click(RemoteWebElement.java:77)
at java.base/jdk.internal.reflect.NativeMethodAccessorImpl.invoke0(Native Method)
at java.base/jdk.internal.reflect.NativeMethodAccessorImpl.invoke(NativeMethodAccessorImpl.java:64)
at java.base/jdk.internal.reflect.DelegatingMethodAccessorImpl.invoke(DelegatingMethodAccessorImpl.java:43)
at java.base/java.lang.reflect.Method.invoke(Method.java:564)
at org.openqa.selenium.support.pagefactory.internal.LocatingElementHandler.invoke(LocatingElementHandler.java:52)
at com.sun.proxy.$Proxy17.click(Unknown Source)
at com.SinnVoll.pages.HomePage.clickSalesOrderTab(HomePage.java:148)
at com.SinnVoll.SalesOrders.VerifySalesOrdersTabTest.verifySalesOrdersTab(VerifySalesOrdersTabTest.java:28)
at java.base/jdk.internal.reflect.NativeMethodAccessorImpl.invoke0(Native Method)
at java.base/jdk.internal.reflect.NativeMethodAccessorImpl.invoke(NativeMethodAccessorImpl.java:64)
at java.base/jdk.internal.reflect.DelegatingMethodAccessorImpl.invoke(DelegatingMethodAccessorImpl.java:43)
at java.base/java.lang.reflect.Method.invoke(Method.java:564)
at org.testng.internal.MethodInvocationHelper.invokeMethod(MethodInvocationHelper.java:133)
at org.testng.internal.TestInvoker.invokeMethod(TestInvoker.java:598)
at org.testng.internal.TestInvoker.invokeTestMethod(TestInvoker.java:173)
at org.testng.internal.MethodRunner.runInSequence(MethodRunner.java:46)
at org.testng.internal.TestInvoker$MethodInvocationAgent.invoke(TestInvoker.java:824)
at org.testng.internal.TestInvoker.invokeTestMethods(TestInvoker.java:146)
at org.testng.internal.TestMethodWorker.invokeTestMethods(TestMethodWorker.java:146)
at org.testng.internal.TestMethodWorker.run(TestMethodWorker.java:128)
at java.base/java.util.ArrayList.forEach(ArrayList.java:1511)
at org.testng.TestRunner.privateRun(TestRunner.java:794)
at org.testng.TestRunner.run(TestRunner.java:596)
at org.testng.SuiteRunner.runTest(SuiteRunner.java:377)
at org.testng.SuiteRunner.runSequentially(SuiteRunner.java:371)
at org.testng.SuiteRunner.privateRun(SuiteRunner.java:332)
at org.testng.SuiteRunner.run(SuiteRunner.java:276)
at org.testng.SuiteRunnerWorker.runSuite(SuiteRunnerWorker.java:53)
at org.testng.SuiteRunnerWorker.run(SuiteRunnerWorker.java:96)
at org.testng.TestNG.runSuitesSequentially(TestNG.java:1212)
at org.testng.TestNG.runSuitesLocally(TestNG.java:1134)
at org.testng.TestNG.runSuites(TestNG.java:1063)
at org.testng.TestNG.run(TestNG.java:1031)
at org.testng.remote.AbstractRemoteTestNG.run(AbstractRemoteTestNG.java:115)
at org.testng.remote.RemoteTestNG.initAndRun(RemoteTestNG.java:251)
at org.testng.remote.RemoteTestNG.main(RemoteTestNG.java:77)
]]>
            </full-stacktrace>
          </exception> <!-- org.openqa.selenium.ElementNotInteractableException -->
          <reporter-output>
            <line>
              <![CDATA[verifySalesOrdersTab method STARTED]]>
            </line>
            <line>
              <![CDATA[Home Page is Dispalyed,PASS]]>
            </line>
            <line>
              <![CDATA[verifySalesOrdersTab method FAILED]]>
            </line>
          </reporter-output>
        </test-method> <!-- verifySalesOrdersTab -->
      </class> <!-- com.SinnVoll.SalesOrders.VerifySalesOrdersTabTest -->
      <class name="com.SinnVoll.PurchaseOrders.VerifyPurchaseOdersTabTest">
        <test-method is-config="true" signature="openBrowser()[pri:0, instance:com.SinnVoll.PurchaseOrders.VerifyPurchaseOdersTabTest@7205765b]" started-at="2022-05-23T16:42:19 IST" name="openBrowser" finished-at="2022-05-23T16:42:21 IST" duration-ms="1451" status="PASS">
          <reporter-output>
            <line>
              <![CDATA[Sign in Page is Dispalyed,PASS]]>
            </line>
          </reporter-output>
        </test-method> <!-- openBrowser -->
        <test-method signature="verifyPurchaseOdersTab()[pri:0, instance:com.SinnVoll.PurchaseOrders.VerifyPurchaseOdersTabTest@7205765b]" started-at="2022-05-23T16:42:21 IST" name="verifyPurchaseOdersTab" finished-at="2022-05-23T16:42:32 IST" duration-ms="10624" status="FAIL">
          <exception class="org.openqa.selenium.ElementNotInteractableException">
            <message>
              <![CDATA[element not interactable
  (Session info: chrome=101.0.4951.67)
Build info: version: '4.1.2', revision: '9a5a329c5a'
System info: host: 'DESKTOP-VC14B0M', ip: '192.168.229.1', os.name: 'Windows 10', os.arch: 'amd64', os.version: '10.0', java.version: '15.0.2'
Driver info: org.openqa.selenium.chrome.ChromeDriver
Command: [0a40f416262d2cea9fcb214a1d5445b8, clickElement {id=a93baf6f-e910-4fdf-b803-91e09efb9f34}]
Capabilities {acceptInsecureCerts: false, browserName: chrome, browserVersion: 101.0.4951.67, chrome: {chromedriverVersion: 101.0.4951.41 (93c720db8323..., userDataDir: C:\Users\admin\AppData\Loca...}, goog:chromeOptions: {debuggerAddress: localhost:50584}, javascriptEnabled: true, networkConnectionEnabled: false, pageLoadStrategy: normal, platform: WINDOWS, platformName: WINDOWS, proxy: Proxy(), se:cdp: ws://localhost:50584/devtoo..., se:cdpVersion: 101.0.4951.67, setWindowRect: true, strictFileInteractability: false, timeouts: {implicit: 0, pageLoad: 300000, script: 30000}, unhandledPromptBehavior: dismiss and notify, webauthn:extension:credBlob: true, webauthn:extension:largeBlob: true, webauthn:virtualAuthenticators: true}
Element: [[ChromeDriver: chrome on WINDOWS (0a40f416262d2cea9fcb214a1d5445b8)] -> xpath: //a[text()='Purchase Orders']]
Session ID: 0a40f416262d2cea9fcb214a1d5445b8]]>
            </message>
            <full-stacktrace>
              <![CDATA[org.openqa.selenium.ElementNotInteractableException: element not interactable
  (Session info: chrome=101.0.4951.67)
Build info: version: '4.1.2', revision: '9a5a329c5a'
System info: host: 'DESKTOP-VC14B0M', ip: '192.168.229.1', os.name: 'Windows 10', os.arch: 'amd64', os.version: '10.0', java.version: '15.0.2'
Driver info: org.openqa.selenium.chrome.ChromeDriver
Command: [0a40f416262d2cea9fcb214a1d5445b8, clickElement {id=a93baf6f-e910-4fdf-b803-91e09efb9f34}]
Capabilities {acceptInsecureCerts: false, browserName: chrome, browserVersion: 101.0.4951.67, chrome: {chromedriverVersion: 101.0.4951.41 (93c720db8323..., userDataDir: C:\Users\admin\AppData\Loca...}, goog:chromeOptions: {debuggerAddress: localhost:50584}, javascriptEnabled: true, networkConnectionEnabled: false, pageLoadStrategy: normal, platform: WINDOWS, platformName: WINDOWS, proxy: Proxy(), se:cdp: ws://localhost:50584/devtoo..., se:cdpVersion: 101.0.4951.67, setWindowRect: true, strictFileInteractability: false, timeouts: {implicit: 0, pageLoad: 300000, script: 30000}, unhandledPromptBehavior: dismiss and notify, webauthn:extension:credBlob: true, webauthn:extension:largeBlob: true, webauthn:virtualAuthenticators: true}
Element: [[ChromeDriver: chrome on WINDOWS (0a40f416262d2cea9fcb214a1d5445b8)] -> xpath: //a[text()='Purchase Orders']]
Session ID: 0a40f416262d2cea9fcb214a1d5445b8
at java.base/jdk.internal.reflect.NativeConstructorAccessorImpl.newInstance0(Native Method)
at java.base/jdk.internal.reflect.NativeConstructorAccessorImpl.newInstance(NativeConstructorAccessorImpl.java:64)
at java.base/jdk.internal.reflect.DelegatingConstructorAccessorImpl.newInstance(DelegatingConstructorAccessorImpl.java:45)
at java.base/java.lang.reflect.Constructor.newInstanceWithCaller(Constructor.java:500)
at java.base/java.lang.reflect.Constructor.newInstance(Constructor.java:481)
at org.openqa.selenium.remote.codec.w3c.W3CHttpResponseCodec.createException(W3CHttpResponseCodec.java:200)
at org.openqa.selenium.remote.codec.w3c.W3CHttpResponseCodec.decode(W3CHttpResponseCodec.java:133)
at org.openqa.selenium.remote.codec.w3c.W3CHttpResponseCodec.decode(W3CHttpResponseCodec.java:53)
at org.openqa.selenium.remote.HttpCommandExecutor.execute(HttpCommandExecutor.java:184)
at org.openqa.selenium.remote.service.DriverCommandExecutor.invokeExecute(DriverCommandExecutor.java:167)
at org.openqa.selenium.remote.service.DriverCommandExecutor.execute(DriverCommandExecutor.java:142)
at org.openqa.selenium.remote.RemoteWebDriver.execute(RemoteWebDriver.java:558)
at org.openqa.selenium.remote.RemoteWebElement.execute(RemoteWebElement.java:251)
at org.openqa.selenium.remote.RemoteWebElement.click(RemoteWebElement.java:77)
at java.base/jdk.internal.reflect.NativeMethodAccessorImpl.invoke0(Native Method)
at java.base/jdk.internal.reflect.NativeMethodAccessorImpl.invoke(NativeMethodAccessorImpl.java:64)
at java.base/jdk.internal.reflect.DelegatingMethodAccessorImpl.invoke(DelegatingMethodAccessorImpl.java:43)
at java.base/java.lang.reflect.Method.invoke(Method.java:564)
at org.openqa.selenium.support.pagefactory.internal.LocatingElementHandler.invoke(LocatingElementHandler.java:52)
at com.sun.proxy.$Proxy17.click(Unknown Source)
at com.SinnVoll.pages.HomePage.clickPurchaseOrderTab(HomePage.java:155)
at com.SinnVoll.PurchaseOrders.VerifyPurchaseOdersTabTest.verifyPurchaseOdersTab(VerifyPurchaseOdersTabTest.java:26)
at java.base/jdk.internal.reflect.NativeMethodAccessorImpl.invoke0(Native Method)
at java.base/jdk.internal.reflect.NativeMethodAccessorImpl.invoke(NativeMethodAccessorImpl.java:64)
at java.base/jdk.internal.reflect.DelegatingMethodAccessorImpl.invoke(DelegatingMethodAccessorImpl.java:43)
at java.base/java.lang.reflect.Method.invoke(Method.java:564)
at org.testng.internal.MethodInvocationHelper.invokeMethod(MethodInvocationHelper.java:133)
at org.testng.internal.TestInvoker.invokeMethod(TestInvoker.java:598)
at org.testng.internal.TestInvoker.invokeTestMethod(TestInvoker.java:173)
at org.testng.internal.MethodRunner.runInSequence(MethodRunner.java:46)
at org.testng.internal.TestInvoker$MethodInvocationAgent.invoke(TestInvoker.java:824)
at org.testng.internal.TestInvoker.invokeTestMethods(TestInvoker.java:146)
at org.testng.internal.TestMethodWorker.invokeTestMethods(TestMethodWorker.java:146)
at org.testng.internal.TestMethodWorker.run(TestMethodWorker.java:128)
at java.base/java.util.ArrayList.forEach(ArrayList.java:1511)
at org.testng.TestRunner.privateRun(TestRunner.java:794)
at org.testng.TestRunner.run(TestRunner.java:596)
at org.testng.SuiteRunner.runTest(SuiteRunner.java:377)
at org.testng.SuiteRunner.runSequentially(SuiteRunner.java:371)
at org.testng.SuiteRunner.privateRun(SuiteRunner.java:332)
at org.testng.SuiteRunner.run(SuiteRunner.java:276)
at org.testng.SuiteRunnerWorker.runSuite(SuiteRunnerWorker.java:53)
at org.testng.SuiteRunnerWorker.run(SuiteRunnerWorker.java:96)
at org.testng.TestNG.runSuitesSequentially(TestNG.java:1212)
at org.testng.TestNG.runSuitesLocally(TestNG.java:1134)
at org.testng.TestNG.runSuites(TestNG.java:1063)
at org.testng.TestNG.run(TestNG.java:1031)
at org.testng.remote.AbstractRemoteTestNG.run(AbstractRemoteTestNG.java:115)
at org.testng.remote.RemoteTestNG.initAndRun(RemoteTestNG.java:251)
at org.testng.remote.RemoteTestNG.main(RemoteTestNG.java:77)
]]>
            </full-stacktrace>
          </exception> <!-- org.openqa.selenium.ElementNotInteractableException -->
          <reporter-output>
            <line>
              <![CDATA[verifyPurchaseOdersTab method STARTED]]>
            </line>
            <line>
              <![CDATA[Home Page is Dispalyed,PASS]]>
            </line>
            <line>
              <![CDATA[verifyPurchaseOdersTab method FAILED]]>
            </line>
          </reporter-output>
        </test-method> <!-- verifyPurchaseOdersTab -->
      </class> <!-- com.SinnVoll.PurchaseOrders.VerifyPurchaseOdersTabTest -->
      <class name="com.SinnVoll.Vendors.VerifyVendorsTabTest">
        <test-method is-config="true" signature="openBrowser()[pri:0, instance:com.SinnVoll.Vendors.VerifyVendorsTabTest@614ca7df]" started-at="2022-05-23T16:43:28 IST" name="openBrowser" finished-at="2022-05-23T16:43:30 IST" duration-ms="2052" status="PASS">
          <reporter-output>
            <line>
              <![CDATA[Sign in Page is Dispalyed,PASS]]>
            </line>
          </reporter-output>
        </test-method> <!-- openBrowser -->
        <test-method signature="verifyVendorsTab()[pri:0, instance:com.SinnVoll.Vendors.VerifyVendorsTabTest@614ca7df]" started-at="2022-05-23T16:43:30 IST" name="verifyVendorsTab" finished-at="2022-05-23T16:43:32 IST" duration-ms="1941" status="PASS">
          <reporter-output>
            <line>
              <![CDATA[verifyVendorsTab method STARTED]]>
            </line>
            <line>
              <![CDATA[Home Page is Dispalyed,PASS]]>
            </line>
            <line>
              <![CDATA[Vendors: All Vendors ]]>
            </line>
            <line>
              <![CDATA[Vendors Text is Displayed]]>
            </line>
            <line>
              <![CDATA[verifyVendorsTab method PASSED]]>
            </line>
          </reporter-output>
        </test-method> <!-- verifyVendorsTab -->
      </class> <!-- com.SinnVoll.Vendors.VerifyVendorsTabTest -->
      <class name="com.SinnVoll.Forecasts.VerifyForeCastsTabTest">
        <test-method is-config="true" signature="openBrowser()[pri:0, instance:com.SinnVoll.Forecasts.VerifyForeCastsTabTest@66d3eec0]" started-at="2022-05-23T16:43:36 IST" name="openBrowser" finished-at="2022-05-23T16:43:39 IST" duration-ms="2334" status="PASS">
          <reporter-output>
            <line>
              <![CDATA[Sign in Page is Dispalyed,PASS]]>
            </line>
          </reporter-output>
        </test-method> <!-- openBrowser -->
        <test-method signature="verifyForecastsTab()[pri:0, instance:com.SinnVoll.Forecasts.VerifyForeCastsTabTest@66d3eec0]" started-at="2022-05-23T16:43:39 IST" name="verifyForecastsTab" finished-at="2022-05-23T16:43:40 IST" duration-ms="1552" status="PASS">
          <reporter-output>
            <line>
              <![CDATA[verifyForecastsTab method STARTED]]>
            </line>
            <line>
              <![CDATA[Home Page is Dispalyed,PASS]]>
            </line>
            <line>
              <![CDATA[Forecasts: All Forecasts ]]>
            </line>
            <line>
              <![CDATA[Forecasts Text is Displayed]]>
            </line>
            <line>
              <![CDATA[verifyForecastsTab method PASSED]]>
            </line>
          </reporter-output>
        </test-method> <!-- verifyForecastsTab -->
      </class> <!-- com.SinnVoll.Forecasts.VerifyForeCastsTabTest -->
      <class name="com.SinnVoll.Potentials.VerifyPotentialsTabTest">
        <test-method is-config="true" signature="openBrowser()[pri:0, instance:com.SinnVoll.Potentials.VerifyPotentialsTabTest@4738a206]" started-at="2022-05-23T16:43:32 IST" name="openBrowser" finished-at="2022-05-23T16:43:35 IST" duration-ms="2337" status="PASS">
          <reporter-output>
            <line>
              <![CDATA[Sign in Page is Dispalyed,PASS]]>
            </line>
          </reporter-output>
        </test-method> <!-- openBrowser -->
        <test-method signature="verifyPotentialsTab()[pri:0, instance:com.SinnVoll.Potentials.VerifyPotentialsTabTest@4738a206]" started-at="2022-05-23T16:43:35 IST" name="verifyPotentialsTab" finished-at="2022-05-23T16:43:36 IST" duration-ms="1673" status="PASS">
          <reporter-output>
            <line>
              <![CDATA[verifyPotentialsTab method STARTED]]>
            </line>
            <line>
              <![CDATA[Home Page is Dispalyed,PASS]]>
            </line>
            <line>
              <![CDATA[Potentials: All Potentials ]]>
            </line>
            <line>
              <![CDATA[Potentials Text is Displayed]]>
            </line>
            <line>
              <![CDATA[verifyPotentialsTab method PASSED]]>
            </line>
          </reporter-output>
        </test-method> <!-- verifyPotentialsTab -->
      </class> <!-- com.SinnVoll.Potentials.VerifyPotentialsTabTest -->
      <class name="com.SinnVoll.Leads.VerifyLeadsTabTest">
        <test-method is-config="true" signature="openBrowser()[pri:0, instance:com.SinnVoll.Leads.VerifyLeadsTabTest@35aea049]" started-at="2022-05-23T16:42:17 IST" name="openBrowser" finished-at="2022-05-23T16:42:19 IST" duration-ms="1430" status="PASS">
          <reporter-output>
            <line>
              <![CDATA[Sign in Page is Dispalyed,PASS]]>
            </line>
          </reporter-output>
        </test-method> <!-- openBrowser -->
        <test-method signature="VerifyLeadsModule()[pri:0, instance:com.SinnVoll.Leads.VerifyLeadsTabTest@35aea049]" started-at="2022-05-23T16:42:19 IST" name="VerifyLeadsModule" finished-at="2022-05-23T16:42:19 IST" duration-ms="926" status="PASS">
          <reporter-output>
            <line>
              <![CDATA[VerifyLeadsModule method STARTED]]>
            </line>
            <line>
              <![CDATA[Home Page is Dispalyed,PASS]]>
            </line>
            <line>
              <![CDATA[Leads: All Open Leads ]]>
            </line>
            <line>
              <![CDATA[VerifyLeadsModule method PASSED]]>
            </line>
          </reporter-output>
        </test-method> <!-- VerifyLeadsModule -->
      </class> <!-- com.SinnVoll.Leads.VerifyLeadsTabTest -->
      <class name="com.SinnVoll.Reports.VerifyReportsTabTest">
        <test-method is-config="true" signature="openBrowser()[pri:0, instance:com.SinnVoll.Reports.VerifyReportsTabTest@7e7be63f]" started-at="2022-05-23T16:43:21 IST" name="openBrowser" finished-at="2022-05-23T16:43:23 IST" duration-ms="1827" status="PASS">
          <reporter-output>
            <line>
              <![CDATA[Sign in Page is Dispalyed,PASS]]>
            </line>
          </reporter-output>
        </test-method> <!-- openBrowser -->
        <test-method signature="verifyReportsTab()[pri:0, instance:com.SinnVoll.Reports.VerifyReportsTabTest@7e7be63f]" started-at="2022-05-23T16:43:23 IST" name="verifyReportsTab" finished-at="2022-05-23T16:43:24 IST" duration-ms="1432" status="PASS">
          <reporter-output>
            <line>
              <![CDATA[verifyReportsTab method STARTED]]>
            </line>
            <line>
              <![CDATA[Home Page is Dispalyed,PASS]]>
            </line>
            <line>
              <![CDATA[Reports]]>
            </line>
            <line>
              <![CDATA[Reports Text is Displayed]]>
            </line>
            <line>
              <![CDATA[verifyReportsTab method PASSED]]>
            </line>
          </reporter-output>
        </test-method> <!-- verifyReportsTab -->
      </class> <!-- com.SinnVoll.Reports.VerifyReportsTabTest -->
      <class name="com.SinnVoll.Solutions.VerifySolutionsTabText">
        <test-method is-config="true" signature="openBrowser()[pri:0, instance:com.SinnVoll.Solutions.VerifySolutionsTabText@6283d8b8]" started-at="2022-05-23T16:42:56 IST" name="openBrowser" finished-at="2022-05-23T16:42:57 IST" duration-ms="1418" status="PASS">
          <reporter-output>
            <line>
              <![CDATA[Sign in Page is Dispalyed,PASS]]>
            </line>
          </reporter-output>
        </test-method> <!-- openBrowser -->
        <test-method signature="verifySolutionsTab()[pri:0, instance:com.SinnVoll.Solutions.VerifySolutionsTabText@6283d8b8]" started-at="2022-05-23T16:42:57 IST" name="verifySolutionsTab" finished-at="2022-05-23T16:42:58 IST" duration-ms="813" status="PASS">
          <reporter-output>
            <line>
              <![CDATA[verifySolutionsTab method STARTED]]>
            </line>
            <line>
              <![CDATA[Home Page is Dispalyed,PASS]]>
            </line>
            <line>
              <![CDATA[Solutions: All Solutions ]]>
            </line>
            <line>
              <![CDATA[Solutions Text is Displayed]]>
            </line>
            <line>
              <![CDATA[verifySolutionsTab method PASSED]]>
            </line>
          </reporter-output>
        </test-method> <!-- verifySolutionsTab -->
      </class> <!-- com.SinnVoll.Solutions.VerifySolutionsTabText -->
      <class name="com.SinnVoll.Invoices.VerifyInvoicesTabTest">
        <test-method is-config="true" signature="openBrowser()[pri:0, instance:com.SinnVoll.Invoices.VerifyInvoicesTabTest@28f2a10f]" started-at="2022-05-23T16:42:01 IST" name="openBrowser" finished-at="2022-05-23T16:42:04 IST" duration-ms="2525" status="PASS">
          <reporter-output>
            <line>
              <![CDATA[Sign in Page is Dispalyed,PASS]]>
            </line>
          </reporter-output>
        </test-method> <!-- openBrowser -->
        <test-method signature="verifyInvoicesTab()[pri:0, instance:com.SinnVoll.Invoices.VerifyInvoicesTabTest@28f2a10f]" started-at="2022-05-23T16:42:04 IST" name="verifyInvoicesTab" finished-at="2022-05-23T16:42:15 IST" duration-ms="10598" status="FAIL">
          <exception class="org.openqa.selenium.ElementNotInteractableException">
            <message>
              <![CDATA[element not interactable
  (Session info: chrome=101.0.4951.67)
Build info: version: '4.1.2', revision: '9a5a329c5a'
System info: host: 'DESKTOP-VC14B0M', ip: '192.168.229.1', os.name: 'Windows 10', os.arch: 'amd64', os.version: '10.0', java.version: '15.0.2'
Driver info: org.openqa.selenium.chrome.ChromeDriver
Command: [537d0c331dbd0b9da2f418f1c6c67209, clickElement {id=1a26c2ec-bd0c-435a-92d4-cb531a219de0}]
Capabilities {acceptInsecureCerts: false, browserName: chrome, browserVersion: 101.0.4951.67, chrome: {chromedriverVersion: 101.0.4951.41 (93c720db8323..., userDataDir: C:\Users\admin\AppData\Loca...}, goog:chromeOptions: {debuggerAddress: localhost:50517}, javascriptEnabled: true, networkConnectionEnabled: false, pageLoadStrategy: normal, platform: WINDOWS, platformName: WINDOWS, proxy: Proxy(), se:cdp: ws://localhost:50517/devtoo..., se:cdpVersion: 101.0.4951.67, setWindowRect: true, strictFileInteractability: false, timeouts: {implicit: 0, pageLoad: 300000, script: 30000}, unhandledPromptBehavior: dismiss and notify, webauthn:extension:credBlob: true, webauthn:extension:largeBlob: true, webauthn:virtualAuthenticators: true}
Element: [[ChromeDriver: chrome on WINDOWS (537d0c331dbd0b9da2f418f1c6c67209)] -> xpath: //a[text()='Invoices']]
Session ID: 537d0c331dbd0b9da2f418f1c6c67209]]>
            </message>
            <full-stacktrace>
              <![CDATA[org.openqa.selenium.ElementNotInteractableException: element not interactable
  (Session info: chrome=101.0.4951.67)
Build info: version: '4.1.2', revision: '9a5a329c5a'
System info: host: 'DESKTOP-VC14B0M', ip: '192.168.229.1', os.name: 'Windows 10', os.arch: 'amd64', os.version: '10.0', java.version: '15.0.2'
Driver info: org.openqa.selenium.chrome.ChromeDriver
Command: [537d0c331dbd0b9da2f418f1c6c67209, clickElement {id=1a26c2ec-bd0c-435a-92d4-cb531a219de0}]
Capabilities {acceptInsecureCerts: false, browserName: chrome, browserVersion: 101.0.4951.67, chrome: {chromedriverVersion: 101.0.4951.41 (93c720db8323..., userDataDir: C:\Users\admin\AppData\Loca...}, goog:chromeOptions: {debuggerAddress: localhost:50517}, javascriptEnabled: true, networkConnectionEnabled: false, pageLoadStrategy: normal, platform: WINDOWS, platformName: WINDOWS, proxy: Proxy(), se:cdp: ws://localhost:50517/devtoo..., se:cdpVersion: 101.0.4951.67, setWindowRect: true, strictFileInteractability: false, timeouts: {implicit: 0, pageLoad: 300000, script: 30000}, unhandledPromptBehavior: dismiss and notify, webauthn:extension:credBlob: true, webauthn:extension:largeBlob: true, webauthn:virtualAuthenticators: true}
Element: [[ChromeDriver: chrome on WINDOWS (537d0c331dbd0b9da2f418f1c6c67209)] -> xpath: //a[text()='Invoices']]
Session ID: 537d0c331dbd0b9da2f418f1c6c67209
at java.base/jdk.internal.reflect.NativeConstructorAccessorImpl.newInstance0(Native Method)
at java.base/jdk.internal.reflect.NativeConstructorAccessorImpl.newInstance(NativeConstructorAccessorImpl.java:64)
at java.base/jdk.internal.reflect.DelegatingConstructorAccessorImpl.newInstance(DelegatingConstructorAccessorImpl.java:45)
at java.base/java.lang.reflect.Constructor.newInstanceWithCaller(Constructor.java:500)
at java.base/java.lang.reflect.Constructor.newInstance(Constructor.java:481)
at org.openqa.selenium.remote.codec.w3c.W3CHttpResponseCodec.createException(W3CHttpResponseCodec.java:200)
at org.openqa.selenium.remote.codec.w3c.W3CHttpResponseCodec.decode(W3CHttpResponseCodec.java:133)
at org.openqa.selenium.remote.codec.w3c.W3CHttpResponseCodec.decode(W3CHttpResponseCodec.java:53)
at org.openqa.selenium.remote.HttpCommandExecutor.execute(HttpCommandExecutor.java:184)
at org.openqa.selenium.remote.service.DriverCommandExecutor.invokeExecute(DriverCommandExecutor.java:167)
at org.openqa.selenium.remote.service.DriverCommandExecutor.execute(DriverCommandExecutor.java:142)
at org.openqa.selenium.remote.RemoteWebDriver.execute(RemoteWebDriver.java:558)
at org.openqa.selenium.remote.RemoteWebElement.execute(RemoteWebElement.java:251)
at org.openqa.selenium.remote.RemoteWebElement.click(RemoteWebElement.java:77)
at java.base/jdk.internal.reflect.NativeMethodAccessorImpl.invoke0(Native Method)
at java.base/jdk.internal.reflect.NativeMethodAccessorImpl.invoke(NativeMethodAccessorImpl.java:64)
at java.base/jdk.internal.reflect.DelegatingMethodAccessorImpl.invoke(DelegatingMethodAccessorImpl.java:43)
at java.base/java.lang.reflect.Method.invoke(Method.java:564)
at org.openqa.selenium.support.pagefactory.internal.LocatingElementHandler.invoke(LocatingElementHandler.java:52)
at com.sun.proxy.$Proxy17.click(Unknown Source)
at com.SinnVoll.pages.HomePage.clickInvoicesTab(HomePage.java:162)
at com.SinnVoll.Invoices.VerifyInvoicesTabTest.verifyInvoicesTab(VerifyInvoicesTabTest.java:27)
at java.base/jdk.internal.reflect.NativeMethodAccessorImpl.invoke0(Native Method)
at java.base/jdk.internal.reflect.NativeMethodAccessorImpl.invoke(NativeMethodAccessorImpl.java:64)
at java.base/jdk.internal.reflect.DelegatingMethodAccessorImpl.invoke(DelegatingMethodAccessorImpl.java:43)
at java.base/java.lang.reflect.Method.invoke(Method.java:564)
at org.testng.internal.MethodInvocationHelper.invokeMethod(MethodInvocationHelper.java:133)
at org.testng.internal.TestInvoker.invokeMethod(TestInvoker.java:598)
at org.testng.internal.TestInvoker.invokeTestMethod(TestInvoker.java:173)
at org.testng.internal.MethodRunner.runInSequence(MethodRunner.java:46)
at org.testng.internal.TestInvoker$MethodInvocationAgent.invoke(TestInvoker.java:824)
at org.testng.internal.TestInvoker.invokeTestMethods(TestInvoker.java:146)
at org.testng.internal.TestMethodWorker.invokeTestMethods(TestMethodWorker.java:146)
at org.testng.internal.TestMethodWorker.run(TestMethodWorker.java:128)
at java.base/java.util.ArrayList.forEach(ArrayList.java:1511)
at org.testng.TestRunner.privateRun(TestRunner.java:794)
at org.testng.TestRunner.run(TestRunner.java:596)
at org.testng.SuiteRunner.runTest(SuiteRunner.java:377)
at org.testng.SuiteRunner.runSequentially(SuiteRunner.java:371)
at org.testng.SuiteRunner.privateRun(SuiteRunner.java:332)
at org.testng.SuiteRunner.run(SuiteRunner.java:276)
at org.testng.SuiteRunnerWorker.runSuite(SuiteRunnerWorker.java:53)
at org.testng.SuiteRunnerWorker.run(SuiteRunnerWorker.java:96)
at org.testng.TestNG.runSuitesSequentially(TestNG.java:1212)
at org.testng.TestNG.runSuitesLocally(TestNG.java:1134)
at org.testng.TestNG.runSuites(TestNG.java:1063)
at org.testng.TestNG.run(TestNG.java:1031)
at org.testng.remote.AbstractRemoteTestNG.run(AbstractRemoteTestNG.java:115)
at org.testng.remote.RemoteTestNG.initAndRun(RemoteTestNG.java:251)
at org.testng.remote.RemoteTestNG.main(RemoteTestNG.java:77)
]]>
            </full-stacktrace>
          </exception> <!-- org.openqa.selenium.ElementNotInteractableException -->
          <reporter-output>
            <line>
              <![CDATA[verifyInvoicesTab method STARTED]]>
            </line>
            <line>
              <![CDATA[Home Page is Dispalyed,PASS]]>
            </line>
            <line>
              <![CDATA[verifyInvoicesTab method FAILED]]>
            </line>
          </reporter-output>
        </test-method> <!-- verifyInvoicesTab -->
      </class> <!-- com.SinnVoll.Invoices.VerifyInvoicesTabTest -->
      <class name="com.SinnVoll.PriceBooks.VerifyPriceBooksTabTest">
        <test-method is-config="true" signature="openBrowser()[pri:0, instance:com.SinnVoll.PriceBooks.VerifyPriceBooksTabTest@169e6180]" started-at="2022-05-23T16:42:15 IST" name="openBrowser" finished-at="2022-05-23T16:42:16 IST" duration-ms="1410" status="PASS">
          <reporter-output>
            <line>
              <![CDATA[Sign in Page is Dispalyed,PASS]]>
            </line>
          </reporter-output>
        </test-method> <!-- openBrowser -->
        <test-method signature="verifyPriceBooksTab()[pri:0, instance:com.SinnVoll.PriceBooks.VerifyPriceBooksTabTest@169e6180]" started-at="2022-05-23T16:42:16 IST" name="verifyPriceBooksTab" finished-at="2022-05-23T16:42:17 IST" duration-ms="928" status="PASS">
          <reporter-output>
            <line>
              <![CDATA[verifyPriceBooksTab method STARTED]]>
            </line>
            <line>
              <![CDATA[Home Page is Dispalyed,PASS]]>
            </line>
            <line>
              <![CDATA[Price Books: All Price Books ]]>
            </line>
            <line>
              <![CDATA[PriceBook Text is Displayed]]>
            </line>
            <line>
              <![CDATA[verifyPriceBooksTab method PASSED]]>
            </line>
          </reporter-output>
        </test-method> <!-- verifyPriceBooksTab -->
      </class> <!-- com.SinnVoll.PriceBooks.VerifyPriceBooksTabTest -->
      <class name="com.SinnVoll.Products.VerifyProductsTabTest">
        <test-method is-config="true" signature="openBrowser()[pri:0, instance:com.SinnVoll.Products.VerifyProductsTabTest@611889f4]" started-at="2022-05-23T16:42:58 IST" name="openBrowser" finished-at="2022-05-23T16:43:00 IST" duration-ms="1571" status="PASS">
          <reporter-output>
            <line>
              <![CDATA[Sign in Page is Dispalyed,PASS]]>
            </line>
          </reporter-output>
        </test-method> <!-- openBrowser -->
        <test-method signature="verifyProductsTab()[pri:0, instance:com.SinnVoll.Products.VerifyProductsTabTest@611889f4]" started-at="2022-05-23T16:43:00 IST" name="verifyProductsTab" finished-at="2022-05-23T16:43:01 IST" duration-ms="1117" status="PASS">
          <reporter-output>
            <line>
              <![CDATA[verifyProductsTab method STARTED]]>
            </line>
            <line>
              <![CDATA[Home Page is Dispalyed,PASS]]>
            </line>
            <line>
              <![CDATA[Products: All Products ]]>
            </line>
            <line>
              <![CDATA[Products Text is Displayed]]>
            </line>
            <line>
              <![CDATA[verifyProductsTab method PASSED]]>
            </line>
          </reporter-output>
        </test-method> <!-- verifyProductsTab -->
      </class> <!-- com.SinnVoll.Products.VerifyProductsTabTest -->
      <class name="com.SinnVoll.Quotes.VerifyQuotesTabTest">
        <test-method is-config="true" signature="openBrowser()[pri:0, instance:com.SinnVoll.Quotes.VerifyQuotesTabTest@22ef9844]" started-at="2022-05-23T16:42:44 IST" name="openBrowser" finished-at="2022-05-23T16:42:45 IST" duration-ms="1445" status="PASS">
          <reporter-output>
            <line>
              <![CDATA[Sign in Page is Dispalyed,PASS]]>
            </line>
          </reporter-output>
        </test-method> <!-- openBrowser -->
        <test-method signature="verifyQuotesTab()[pri:0, instance:com.SinnVoll.Quotes.VerifyQuotesTabTest@22ef9844]" started-at="2022-05-23T16:42:45 IST" name="verifyQuotesTab" finished-at="2022-05-23T16:42:56 IST" duration-ms="10534" status="FAIL">
          <exception class="org.openqa.selenium.ElementNotInteractableException">
            <message>
              <![CDATA[element not interactable
  (Session info: chrome=101.0.4951.67)
Build info: version: '4.1.2', revision: '9a5a329c5a'
System info: host: 'DESKTOP-VC14B0M', ip: '192.168.229.1', os.name: 'Windows 10', os.arch: 'amd64', os.version: '10.0', java.version: '15.0.2'
Driver info: org.openqa.selenium.chrome.ChromeDriver
Command: [8e02b05cbbaf5a66b2cfd5454b9935b9, clickElement {id=5af733e2-0ae7-4be7-8ddd-51db7d2085a6}]
Capabilities {acceptInsecureCerts: false, browserName: chrome, browserVersion: 101.0.4951.67, chrome: {chromedriverVersion: 101.0.4951.41 (93c720db8323..., userDataDir: C:\Users\admin\AppData\Loca...}, goog:chromeOptions: {debuggerAddress: localhost:50645}, javascriptEnabled: true, networkConnectionEnabled: false, pageLoadStrategy: normal, platform: WINDOWS, platformName: WINDOWS, proxy: Proxy(), se:cdp: ws://localhost:50645/devtoo..., se:cdpVersion: 101.0.4951.67, setWindowRect: true, strictFileInteractability: false, timeouts: {implicit: 0, pageLoad: 300000, script: 30000}, unhandledPromptBehavior: dismiss and notify, webauthn:extension:credBlob: true, webauthn:extension:largeBlob: true, webauthn:virtualAuthenticators: true}
Element: [[ChromeDriver: chrome on WINDOWS (8e02b05cbbaf5a66b2cfd5454b9935b9)] -> xpath: //a[text()='Quotes']]
Session ID: 8e02b05cbbaf5a66b2cfd5454b9935b9]]>
            </message>
            <full-stacktrace>
              <![CDATA[org.openqa.selenium.ElementNotInteractableException: element not interactable
  (Session info: chrome=101.0.4951.67)
Build info: version: '4.1.2', revision: '9a5a329c5a'
System info: host: 'DESKTOP-VC14B0M', ip: '192.168.229.1', os.name: 'Windows 10', os.arch: 'amd64', os.version: '10.0', java.version: '15.0.2'
Driver info: org.openqa.selenium.chrome.ChromeDriver
Command: [8e02b05cbbaf5a66b2cfd5454b9935b9, clickElement {id=5af733e2-0ae7-4be7-8ddd-51db7d2085a6}]
Capabilities {acceptInsecureCerts: false, browserName: chrome, browserVersion: 101.0.4951.67, chrome: {chromedriverVersion: 101.0.4951.41 (93c720db8323..., userDataDir: C:\Users\admin\AppData\Loca...}, goog:chromeOptions: {debuggerAddress: localhost:50645}, javascriptEnabled: true, networkConnectionEnabled: false, pageLoadStrategy: normal, platform: WINDOWS, platformName: WINDOWS, proxy: Proxy(), se:cdp: ws://localhost:50645/devtoo..., se:cdpVersion: 101.0.4951.67, setWindowRect: true, strictFileInteractability: false, timeouts: {implicit: 0, pageLoad: 300000, script: 30000}, unhandledPromptBehavior: dismiss and notify, webauthn:extension:credBlob: true, webauthn:extension:largeBlob: true, webauthn:virtualAuthenticators: true}
Element: [[ChromeDriver: chrome on WINDOWS (8e02b05cbbaf5a66b2cfd5454b9935b9)] -> xpath: //a[text()='Quotes']]
Session ID: 8e02b05cbbaf5a66b2cfd5454b9935b9
at java.base/jdk.internal.reflect.NativeConstructorAccessorImpl.newInstance0(Native Method)
at java.base/jdk.internal.reflect.NativeConstructorAccessorImpl.newInstance(NativeConstructorAccessorImpl.java:64)
at java.base/jdk.internal.reflect.DelegatingConstructorAccessorImpl.newInstance(DelegatingConstructorAccessorImpl.java:45)
at java.base/java.lang.reflect.Constructor.newInstanceWithCaller(Constructor.java:500)
at java.base/java.lang.reflect.Constructor.newInstance(Constructor.java:481)
at org.openqa.selenium.remote.codec.w3c.W3CHttpResponseCodec.createException(W3CHttpResponseCodec.java:200)
at org.openqa.selenium.remote.codec.w3c.W3CHttpResponseCodec.decode(W3CHttpResponseCodec.java:133)
at org.openqa.selenium.remote.codec.w3c.W3CHttpResponseCodec.decode(W3CHttpResponseCodec.java:53)
at org.openqa.selenium.remote.HttpCommandExecutor.execute(HttpCommandExecutor.java:184)
at org.openqa.selenium.remote.service.DriverCommandExecutor.invokeExecute(DriverCommandExecutor.java:167)
at org.openqa.selenium.remote.service.DriverCommandExecutor.execute(DriverCommandExecutor.java:142)
at org.openqa.selenium.remote.RemoteWebDriver.execute(RemoteWebDriver.java:558)
at org.openqa.selenium.remote.RemoteWebElement.execute(RemoteWebElement.java:251)
at org.openqa.selenium.remote.RemoteWebElement.click(RemoteWebElement.java:77)
at java.base/jdk.internal.reflect.NativeMethodAccessorImpl.invoke0(Native Method)
at java.base/jdk.internal.reflect.NativeMethodAccessorImpl.invoke(NativeMethodAccessorImpl.java:64)
at java.base/jdk.internal.reflect.DelegatingMethodAccessorImpl.invoke(DelegatingMethodAccessorImpl.java:43)
at java.base/java.lang.reflect.Method.invoke(Method.java:564)
at org.openqa.selenium.support.pagefactory.internal.LocatingElementHandler.invoke(LocatingElementHandler.java:52)
at com.sun.proxy.$Proxy17.click(Unknown Source)
at com.SinnVoll.pages.HomePage.clickQuotesTab(HomePage.java:141)
at com.SinnVoll.Quotes.VerifyQuotesTabTest.verifyQuotesTab(VerifyQuotesTabTest.java:28)
at java.base/jdk.internal.reflect.NativeMethodAccessorImpl.invoke0(Native Method)
at java.base/jdk.internal.reflect.NativeMethodAccessorImpl.invoke(NativeMethodAccessorImpl.java:64)
at java.base/jdk.internal.reflect.DelegatingMethodAccessorImpl.invoke(DelegatingMethodAccessorImpl.java:43)
at java.base/java.lang.reflect.Method.invoke(Method.java:564)
at org.testng.internal.MethodInvocationHelper.invokeMethod(MethodInvocationHelper.java:133)
at org.testng.internal.TestInvoker.invokeMethod(TestInvoker.java:598)
at org.testng.internal.TestInvoker.invokeTestMethod(TestInvoker.java:173)
at org.testng.internal.MethodRunner.runInSequence(MethodRunner.java:46)
at org.testng.internal.TestInvoker$MethodInvocationAgent.invoke(TestInvoker.java:824)
at org.testng.internal.TestInvoker.invokeTestMethods(TestInvoker.java:146)
at org.testng.internal.TestMethodWorker.invokeTestMethods(TestMethodWorker.java:146)
at org.testng.internal.TestMethodWorker.run(TestMethodWorker.java:128)
at java.base/java.util.ArrayList.forEach(ArrayList.java:1511)
at org.testng.TestRunner.privateRun(TestRunner.java:794)
at org.testng.TestRunner.run(TestRunner.java:596)
at org.testng.SuiteRunner.runTest(SuiteRunner.java:377)
at org.testng.SuiteRunner.runSequentially(SuiteRunner.java:371)
at org.testng.SuiteRunner.privateRun(SuiteRunner.java:332)
at org.testng.SuiteRunner.run(SuiteRunner.java:276)
at org.testng.SuiteRunnerWorker.runSuite(SuiteRunnerWorker.java:53)
at org.testng.SuiteRunnerWorker.run(SuiteRunnerWorker.java:96)
at org.testng.TestNG.runSuitesSequentially(TestNG.java:1212)
at org.testng.TestNG.runSuitesLocally(TestNG.java:1134)
at org.testng.TestNG.runSuites(TestNG.java:1063)
at org.testng.TestNG.run(TestNG.java:1031)
at org.testng.remote.AbstractRemoteTestNG.run(AbstractRemoteTestNG.java:115)
at org.testng.remote.RemoteTestNG.initAndRun(RemoteTestNG.java:251)
at org.testng.remote.RemoteTestNG.main(RemoteTestNG.java:77)
]]>
            </full-stacktrace>
          </exception> <!-- org.openqa.selenium.ElementNotInteractableException -->
          <reporter-output>
            <line>
              <![CDATA[verifyQuotesTab method STARTED]]>
            </line>
            <line>
              <![CDATA[Home Page is Dispalyed,PASS]]>
            </line>
            <line>
              <![CDATA[verifyQuotesTab method FAILED]]>
            </line>
          </reporter-output>
        </test-method> <!-- verifyQuotesTab -->
      </class> <!-- com.SinnVoll.Quotes.VerifyQuotesTabTest -->
      <class name="com.SinnVoll.Dashboards.VerifyDashboardsTabTest">
        <test-method is-config="true" signature="openBrowser()[pri:0, instance:com.SinnVoll.Dashboards.VerifyDashboardsTabTest@2f217633]" started-at="2022-05-23T16:43:09 IST" name="openBrowser" finished-at="2022-05-23T16:43:11 IST" duration-ms="1630" status="PASS">
          <reporter-output>
            <line>
              <![CDATA[Sign in Page is Dispalyed,PASS]]>
            </line>
          </reporter-output>
        </test-method> <!-- openBrowser -->
        <test-method signature="verifyDashboardsTab()[pri:0, instance:com.SinnVoll.Dashboards.VerifyDashboardsTabTest@2f217633]" started-at="2022-05-23T16:43:11 IST" name="verifyDashboardsTab" finished-at="2022-05-23T16:43:12 IST" duration-ms="1586" status="PASS">
          <reporter-output>
            <line>
              <![CDATA[verifyDashboardsTab method STARTED]]>
            </line>
            <line>
              <![CDATA[Home Page is Dispalyed,PASS]]>
            </line>
            <line>
              <![CDATA[Dashboards]]>
            </line>
            <line>
              <![CDATA[Dashboards Text is Displayed]]>
            </line>
            <line>
              <![CDATA[verifyDashboardsTab method PASSED]]>
            </line>
          </reporter-output>
        </test-method> <!-- verifyDashboardsTab -->
      </class> <!-- com.SinnVoll.Dashboards.VerifyDashboardsTabTest -->
    </test> <!-- Test -->
  </suite> <!-- Suite -->
</testng-results>
